#
# There is insufficient memory for the Java Runtime Environment to continue.
# Native memory allocation (mmap) failed to map 65536 bytes for Failed to commit metaspace.
# Possible reasons:
#   The system is out of physical RAM or swap space
#   The process is running with CompressedOops enabled, and the Java Heap may be blocking the growth of the native heap
# Possible solutions:
#   Reduce memory load on the system
#   Increase physical memory or swap space
#   Check if swap backing store is full
#   Decrease Java heap size (-Xmx/-Xms)
#   Decrease number of Java threads
#   Decrease Java thread stack sizes (-Xss)
#   Set larger code cache with -XX:ReservedCodeCacheSize=
#   JVM is running with Unscaled Compressed Oops mode in which the Java heap is
#     placed in the first 4GB address space. The Java Heap base address is the
#     maximum limit for the native heap growth. Please use -XX:HeapBaseMinAddress
#     to set the Java Heap base and to place the Java Heap above 4GB virtual address.
# This output file may be truncated or incomplete.
#
#  Out of Memory Error (virtualSpaceNode.cpp:110), pid=16660, tid=10504
#
# JRE version: Java(TM) SE Runtime Environment (17.0.11+7) (build 17.0.11+7-LTS-207)
# Java VM: Java HotSpot(TM) 64-Bit Server VM (17.0.11+7-LTS-207, mixed mode, sharing, tiered, compressed oops, compressed class ptrs, g1 gc, windows-amd64)
# No core dump will be written. Minidumps are not enabled by default on client versions of Windows
#

---------------  S U M M A R Y ------------

Command Line: -Dfile.encoding=UTF-8 --module-path=D:\Project-Java\AirlineManagementSystem\build\classes airlinemanagementsystem.Login

Host: AMD Ryzen 5 5500U with Radeon Graphics         , 12 cores, 7G,  Windows 11 , 64 bit Build 22621 (10.0.22621.3527)
Time: Fri May 24 16:38:54 2024 India Standard Time elapsed time: 0.302351 seconds (0d 0h 0m 0s)

---------------  T H R E A D  ---------------

Current thread (0x0000024c78531330):  JavaThread "main" [_thread_in_vm, id=10504, stack(0x000000e512000000,0x000000e512100000)]

Stack: [0x000000e512000000,0x000000e512100000]
Native frames: (J=compiled Java code, j=interpreted, Vv=VM code, C=native code)
V  [jvm.dll+0x679cca]
V  [jvm.dll+0x7da13d]
V  [jvm.dll+0x7dba83]
V  [jvm.dll+0x7dc0f3]
V  [jvm.dll+0x2449af]
V  [jvm.dll+0x7d5d0b]
V  [jvm.dll+0x6200b6]
V  [jvm.dll+0x62011a]
V  [jvm.dll+0x62293d]
V  [jvm.dll+0x620a76]
V  [jvm.dll+0x238c8f]
V  [jvm.dll+0x62a925]
V  [jvm.dll+0x1e7e32]
V  [jvm.dll+0x1e8355]
V  [jvm.dll+0x1e8c9b]
V  [jvm.dll+0x1de3c1]
V  [jvm.dll+0x53f19c]
V  [jvm.dll+0x1eed6a]
V  [jvm.dll+0x7543bd]
V  [jvm.dll+0x7557d6]
V  [jvm.dll+0x755b08]
V  [jvm.dll+0x23ca5b]
V  [jvm.dll+0x37e71b]
C  0x0000024c0753f36d

Java frames: (J=compiled Java code, j=interpreted, Vv=VM code)
j  sun.java2d.loops.GraphicsPrimitiveMgr.<clinit>()V+20 java.desktop@17.0.11
v  ~StubRoutines::call_stub
j  sun.java2d.loops.Blit.<clinit>()V+36 java.desktop@17.0.11
v  ~StubRoutines::call_stub
j  sun.java2d.windows.GDIWindowSurfaceData.<clinit>()V+72 java.desktop@17.0.11
v  ~StubRoutines::call_stub
j  sun.awt.Win32GraphicsConfig.createSurfaceData(Lsun/awt/windows/WComponentPeer;I)Lsun/java2d/SurfaceData;+1 java.desktop@17.0.11
j  sun.java2d.ScreenUpdateManager.createScreenSurface(Lsun/awt/Win32GraphicsConfig;Lsun/awt/windows/WComponentPeer;IZ)Lsun/java2d/SurfaceData;+3 java.desktop@17.0.11
j  sun.java2d.d3d.D3DScreenUpdateManager.createScreenSurface(Lsun/awt/Win32GraphicsConfig;Lsun/awt/windows/WComponentPeer;IZ)Lsun/java2d/SurfaceData;+20 java.desktop@17.0.11
j  sun.awt.windows.WComponentPeer.createScreenSurface(Z)V+21 java.desktop@17.0.11
j  sun.awt.windows.WComponentPeer.<init>(Ljava/awt/Component;)V+79 java.desktop@17.0.11
j  sun.awt.windows.WCanvasPeer.<init>(Ljava/awt/Component;)V+2 java.desktop@17.0.11
j  sun.awt.windows.WPanelPeer.<init>(Ljava/awt/Component;)V+2 java.desktop@17.0.11
j  sun.awt.windows.WWindowPeer.<init>(Ljava/awt/Window;)V+2 java.desktop@17.0.11
j  sun.awt.windows.WFramePeer.<init>(Ljava/awt/Frame;)V+2 java.desktop@17.0.11
j  sun.awt.windows.WToolkit.createFrame(Ljava/awt/Frame;)Ljava/awt/peer/FramePeer;+5 java.desktop@17.0.11
j  java.awt.Frame.addNotify()V+20 java.desktop@17.0.11
j  java.awt.Window.show()V+8 java.desktop@17.0.11
j  java.awt.Component.show(Z)V+5 java.desktop@17.0.11
j  java.awt.Component.setVisible(Z)V+2 java.desktop@17.0.11
j  java.awt.Window.setVisible(Z)V+2 java.desktop@17.0.11
j  airlinemanagementsystem.Login.<init>()V+308
j  airlinemanagementsystem.Login.main([Ljava/lang/String;)V+4
v  ~StubRoutines::call_stub

---------------  P R O C E S S  ---------------

Threads class SMR info:
_java_thread_list=0x0000024c16bdecb0, length=17, elements={
0x0000024c78531330, 0x0000024c16604da0, 0x0000024c16607a30, 0x0000024c1661f120,
0x0000024c1661fae0, 0x0000024c166204a0, 0x0000024c16620e60, 0x0000024c16621c00,
0x0000024c166226b0, 0x0000024c166250c0, 0x0000024c165ef540, 0x0000024c168f2900,
0x0000024c16967a70, 0x0000024c169469e0, 0x0000024c16b155f0, 0x0000024c16b1c5a0,
0x0000024c16bfc700
}

Java Threads: ( => current thread )
=>0x0000024c78531330 JavaThread "main" [_thread_in_vm, id=10504, stack(0x000000e512000000,0x000000e512100000)]
  0x0000024c16604da0 JavaThread "Reference Handler" daemon [_thread_blocked, id=7760, stack(0x000000e512700000,0x000000e512800000)]
  0x0000024c16607a30 JavaThread "Finalizer" daemon [_thread_blocked, id=26392, stack(0x000000e512800000,0x000000e512900000)]
  0x0000024c1661f120 JavaThread "Signal Dispatcher" daemon [_thread_blocked, id=23788, stack(0x000000e512900000,0x000000e512a00000)]
  0x0000024c1661fae0 JavaThread "Attach Listener" daemon [_thread_blocked, id=24684, stack(0x000000e512a00000,0x000000e512b00000)]
  0x0000024c166204a0 JavaThread "Service Thread" daemon [_thread_blocked, id=4680, stack(0x000000e512b00000,0x000000e512c00000)]
  0x0000024c16620e60 JavaThread "Monitor Deflation Thread" daemon [_thread_blocked, id=17856, stack(0x000000e512c00000,0x000000e512d00000)]
  0x0000024c16621c00 JavaThread "C2 CompilerThread0" daemon [_thread_blocked, id=21932, stack(0x000000e512d00000,0x000000e512e00000)]
  0x0000024c166226b0 JavaThread "C1 CompilerThread0" daemon [_thread_blocked, id=26868, stack(0x000000e512e00000,0x000000e512f00000)]
  0x0000024c166250c0 JavaThread "Sweeper thread" daemon [_thread_blocked, id=26136, stack(0x000000e512f00000,0x000000e513000000)]
  0x0000024c165ef540 JavaThread "Common-Cleaner" daemon [_thread_blocked, id=29636, stack(0x000000e513000000,0x000000e513100000)]
  0x0000024c168f2900 JavaThread "Notification Thread" daemon [_thread_blocked, id=32864, stack(0x000000e513100000,0x000000e513200000)]
  0x0000024c16967a70 JavaThread "C2 CompilerThread1" daemon [_thread_blocked, id=31420, stack(0x000000e513300000,0x000000e513400000)]
  0x0000024c169469e0 JavaThread "Java2D Disposer" daemon [_thread_blocked, id=32648, stack(0x000000e513400000,0x000000e513500000)]
  0x0000024c16b155f0 JavaThread "AWT-Shutdown" [_thread_blocked, id=3168, stack(0x000000e513500000,0x000000e513600000)]
  0x0000024c16b1c5a0 JavaThread "AWT-Windows" daemon [_thread_in_native, id=5196, stack(0x000000e513600000,0x000000e513700000)]
  0x0000024c16bfc700 JavaThread "AWT-EventQueue-0" [_thread_blocked, id=14952, stack(0x000000e513700000,0x000000e513800000)]

Other Threads:
  0x0000024c165fed90 VMThread "VM Thread" [stack: 0x000000e512600000,0x000000e512700000] [id=29532]
  0x0000024c785b4060 WatcherThread [stack: 0x000000e513200000,0x000000e513300000] [id=2004]
  0x0000024c785869a0 GCTaskThread "GC Thread#0" [stack: 0x000000e512100000,0x000000e512200000] [id=24084]
  0x0000024c78596370 ConcurrentGCThread "G1 Main Marker" [stack: 0x000000e512200000,0x000000e512300000] [id=24688]
  0x0000024c78597d90 ConcurrentGCThread "G1 Conc#0" [stack: 0x000000e512300000,0x000000e512400000] [id=18084]
  0x0000024c164c20b0 ConcurrentGCThread "G1 Refine#0" [stack: 0x000000e512400000,0x000000e512500000] [id=26512]
  0x0000024c164c2ae0 ConcurrentGCThread "G1 Service" [stack: 0x000000e512500000,0x000000e512600000] [id=11716]

Threads with active compile tasks:

VM state: not at safepoint (normal execution)

VM Mutex/Monitor currently owned by a thread:  ([mutex/lock_event])
[0x0000024c7852c560] Metaspace_lock - owner thread: 0x0000024c78531330

Heap address: 0x000000008ac00000, size: 1876 MB, Compressed Oops mode: 32-bit

CDS archive(s) mapped at: [0x0000024c17000000-0x0000024c17bd0000-0x0000024c17bd0000), size 12386304, SharedBaseAddress: 0x0000024c17000000, ArchiveRelocationMode: 1.
Compressed class space mapped at: 0x0000024c18000000-0x0000024c58000000, reserved size: 1073741824
Narrow klass base: 0x0000024c17000000, Narrow klass shift: 0, Narrow klass range: 0x100000000

GC Precious Log:
 CPUs: 12 total, 12 available
 Memory: 7501M
 Large Page Support: Disabled
 NUMA Support: Disabled
 Compressed Oops: Enabled (32-bit)
 Heap Region Size: 1M
 Heap Min Capacity: 8M
 Heap Initial Capacity: 118M
 Heap Max Capacity: 1876M
 Pre-touch: Disabled
 Parallel Workers: 10
 Concurrent Workers: 3
 Concurrent Refinement Workers: 10
 Periodic GC: Disabled

Heap:
 garbage-first heap   total 120832K, used 5120K [0x000000008ac00000, 0x0000000100000000)
  region size 1024K, 6 young (6144K), 0 survivors (0K)
 Metaspace       used 5657K, committed 5824K, reserved 1114112K
  class space    used 661K, committed 768K, reserved 1048576K

Heap Regions: E=young(eden), S=young(survivor), O=old, HS=humongous(starts), HC=humongous(continues), CS=collection set, F=free, OA=open archive, CA=closed archive, TAMS=top-at-mark-start (previous, next)
|   0|0x000000008ac00000, 0x000000008ac00000, 0x000000008ad00000|  0%| F|  |TAMS 0x000000008ac00000, 0x000000008ac00000| Untracked 
|   1|0x000000008ad00000, 0x000000008ad00000, 0x000000008ae00000|  0%| F|  |TAMS 0x000000008ad00000, 0x000000008ad00000| Untracked 
|   2|0x000000008ae00000, 0x000000008ae00000, 0x000000008af00000|  0%| F|  |TAMS 0x000000008ae00000, 0x000000008ae00000| Untracked 
|   3|0x000000008af00000, 0x000000008af00000, 0x000000008b000000|  0%| F|  |TAMS 0x000000008af00000, 0x000000008af00000| Untracked 
|   4|0x000000008b000000, 0x000000008b000000, 0x000000008b100000|  0%| F|  |TAMS 0x000000008b000000, 0x000000008b000000| Untracked 
|   5|0x000000008b100000, 0x000000008b100000, 0x000000008b200000|  0%| F|  |TAMS 0x000000008b100000, 0x000000008b100000| Untracked 
|   6|0x000000008b200000, 0x000000008b200000, 0x000000008b300000|  0%| F|  |TAMS 0x000000008b200000, 0x000000008b200000| Untracked 
|   7|0x000000008b300000, 0x000000008b300000, 0x000000008b400000|  0%| F|  |TAMS 0x000000008b300000, 0x000000008b300000| Untracked 
|   8|0x000000008b400000, 0x000000008b400000, 0x000000008b500000|  0%| F|  |TAMS 0x000000008b400000, 0x000000008b400000| Untracked 
|   9|0x000000008b500000, 0x000000008b500000, 0x000000008b600000|  0%| F|  |TAMS 0x000000008b500000, 0x000000008b500000| Untracked 
|  10|0x000000008b600000, 0x000000008b600000, 0x000000008b700000|  0%| F|  |TAMS 0x000000008b600000, 0x000000008b600000| Untracked 
|  11|0x000000008b700000, 0x000000008b700000, 0x000000008b800000|  0%| F|  |TAMS 0x000000008b700000, 0x000000008b700000| Untracked 
|  12|0x000000008b800000, 0x000000008b800000, 0x000000008b900000|  0%| F|  |TAMS 0x000000008b800000, 0x000000008b800000| Untracked 
|  13|0x000000008b900000, 0x000000008b900000, 0x000000008ba00000|  0%| F|  |TAMS 0x000000008b900000, 0x000000008b900000| Untracked 
|  14|0x000000008ba00000, 0x000000008ba00000, 0x000000008bb00000|  0%| F|  |TAMS 0x000000008ba00000, 0x000000008ba00000| Untracked 
|  15|0x000000008bb00000, 0x000000008bb00000, 0x000000008bc00000|  0%| F|  |TAMS 0x000000008bb00000, 0x000000008bb00000| Untracked 
|  16|0x000000008bc00000, 0x000000008bc00000, 0x000000008bd00000|  0%| F|  |TAMS 0x000000008bc00000, 0x000000008bc00000| Untracked 
|  17|0x000000008bd00000, 0x000000008bd00000, 0x000000008be00000|  0%| F|  |TAMS 0x000000008bd00000, 0x000000008bd00000| Untracked 
|  18|0x000000008be00000, 0x000000008be00000, 0x000000008bf00000|  0%| F|  |TAMS 0x000000008be00000, 0x000000008be00000| Untracked 
|  19|0x000000008bf00000, 0x000000008bf00000, 0x000000008c000000|  0%| F|  |TAMS 0x000000008bf00000, 0x000000008bf00000| Untracked 
|  20|0x000000008c000000, 0x000000008c000000, 0x000000008c100000|  0%| F|  |TAMS 0x000000008c000000, 0x000000008c000000| Untracked 
|  21|0x000000008c100000, 0x000000008c100000, 0x000000008c200000|  0%| F|  |TAMS 0x000000008c100000, 0x000000008c100000| Untracked 
|  22|0x000000008c200000, 0x000000008c200000, 0x000000008c300000|  0%| F|  |TAMS 0x000000008c200000, 0x000000008c200000| Untracked 
|  23|0x000000008c300000, 0x000000008c300000, 0x000000008c400000|  0%| F|  |TAMS 0x000000008c300000, 0x000000008c300000| Untracked 
|  24|0x000000008c400000, 0x000000008c400000, 0x000000008c500000|  0%| F|  |TAMS 0x000000008c400000, 0x000000008c400000| Untracked 
|  25|0x000000008c500000, 0x000000008c500000, 0x000000008c600000|  0%| F|  |TAMS 0x000000008c500000, 0x000000008c500000| Untracked 
|  26|0x000000008c600000, 0x000000008c600000, 0x000000008c700000|  0%| F|  |TAMS 0x000000008c600000, 0x000000008c600000| Untracked 
|  27|0x000000008c700000, 0x000000008c700000, 0x000000008c800000|  0%| F|  |TAMS 0x000000008c700000, 0x000000008c700000| Untracked 
|  28|0x000000008c800000, 0x000000008c800000, 0x000000008c900000|  0%| F|  |TAMS 0x000000008c800000, 0x000000008c800000| Untracked 
|  29|0x000000008c900000, 0x000000008c900000, 0x000000008ca00000|  0%| F|  |TAMS 0x000000008c900000, 0x000000008c900000| Untracked 
|  30|0x000000008ca00000, 0x000000008ca00000, 0x000000008cb00000|  0%| F|  |TAMS 0x000000008ca00000, 0x000000008ca00000| Untracked 
|  31|0x000000008cb00000, 0x000000008cb00000, 0x000000008cc00000|  0%| F|  |TAMS 0x000000008cb00000, 0x000000008cb00000| Untracked 
|  32|0x000000008cc00000, 0x000000008cc00000, 0x000000008cd00000|  0%| F|  |TAMS 0x000000008cc00000, 0x000000008cc00000| Untracked 
|  33|0x000000008cd00000, 0x000000008cd00000, 0x000000008ce00000|  0%| F|  |TAMS 0x000000008cd00000, 0x000000008cd00000| Untracked 
|  34|0x000000008ce00000, 0x000000008ce00000, 0x000000008cf00000|  0%| F|  |TAMS 0x000000008ce00000, 0x000000008ce00000| Untracked 
|  35|0x000000008cf00000, 0x000000008cf00000, 0x000000008d000000|  0%| F|  |TAMS 0x000000008cf00000, 0x000000008cf00000| Untracked 
|  36|0x000000008d000000, 0x000000008d000000, 0x000000008d100000|  0%| F|  |TAMS 0x000000008d000000, 0x000000008d000000| Untracked 
|  37|0x000000008d100000, 0x000000008d100000, 0x000000008d200000|  0%| F|  |TAMS 0x000000008d100000, 0x000000008d100000| Untracked 
|  38|0x000000008d200000, 0x000000008d200000, 0x000000008d300000|  0%| F|  |TAMS 0x000000008d200000, 0x000000008d200000| Untracked 
|  39|0x000000008d300000, 0x000000008d300000, 0x000000008d400000|  0%| F|  |TAMS 0x000000008d300000, 0x000000008d300000| Untracked 
|  40|0x000000008d400000, 0x000000008d400000, 0x000000008d500000|  0%| F|  |TAMS 0x000000008d400000, 0x000000008d400000| Untracked 
|  41|0x000000008d500000, 0x000000008d500000, 0x000000008d600000|  0%| F|  |TAMS 0x000000008d500000, 0x000000008d500000| Untracked 
|  42|0x000000008d600000, 0x000000008d600000, 0x000000008d700000|  0%| F|  |TAMS 0x000000008d600000, 0x000000008d600000| Untracked 
|  43|0x000000008d700000, 0x000000008d700000, 0x000000008d800000|  0%| F|  |TAMS 0x000000008d700000, 0x000000008d700000| Untracked 
|  44|0x000000008d800000, 0x000000008d800000, 0x000000008d900000|  0%| F|  |TAMS 0x000000008d800000, 0x000000008d800000| Untracked 
|  45|0x000000008d900000, 0x000000008d900000, 0x000000008da00000|  0%| F|  |TAMS 0x000000008d900000, 0x000000008d900000| Untracked 
|  46|0x000000008da00000, 0x000000008da00000, 0x000000008db00000|  0%| F|  |TAMS 0x000000008da00000, 0x000000008da00000| Untracked 
|  47|0x000000008db00000, 0x000000008db00000, 0x000000008dc00000|  0%| F|  |TAMS 0x000000008db00000, 0x000000008db00000| Untracked 
|  48|0x000000008dc00000, 0x000000008dc00000, 0x000000008dd00000|  0%| F|  |TAMS 0x000000008dc00000, 0x000000008dc00000| Untracked 
|  49|0x000000008dd00000, 0x000000008dd00000, 0x000000008de00000|  0%| F|  |TAMS 0x000000008dd00000, 0x000000008dd00000| Untracked 
|  50|0x000000008de00000, 0x000000008de00000, 0x000000008df00000|  0%| F|  |TAMS 0x000000008de00000, 0x000000008de00000| Untracked 
|  51|0x000000008df00000, 0x000000008df00000, 0x000000008e000000|  0%| F|  |TAMS 0x000000008df00000, 0x000000008df00000| Untracked 
|  52|0x000000008e000000, 0x000000008e000000, 0x000000008e100000|  0%| F|  |TAMS 0x000000008e000000, 0x000000008e000000| Untracked 
|  53|0x000000008e100000, 0x000000008e100000, 0x000000008e200000|  0%| F|  |TAMS 0x000000008e100000, 0x000000008e100000| Untracked 
|  54|0x000000008e200000, 0x000000008e200000, 0x000000008e300000|  0%| F|  |TAMS 0x000000008e200000, 0x000000008e200000| Untracked 
|  55|0x000000008e300000, 0x000000008e300000, 0x000000008e400000|  0%| F|  |TAMS 0x000000008e300000, 0x000000008e300000| Untracked 
|  56|0x000000008e400000, 0x000000008e400000, 0x000000008e500000|  0%| F|  |TAMS 0x000000008e400000, 0x000000008e400000| Untracked 
|  57|0x000000008e500000, 0x000000008e500000, 0x000000008e600000|  0%| F|  |TAMS 0x000000008e500000, 0x000000008e500000| Untracked 
|  58|0x000000008e600000, 0x000000008e600000, 0x000000008e700000|  0%| F|  |TAMS 0x000000008e600000, 0x000000008e600000| Untracked 
|  59|0x000000008e700000, 0x000000008e700000, 0x000000008e800000|  0%| F|  |TAMS 0x000000008e700000, 0x000000008e700000| Untracked 
|  60|0x000000008e800000, 0x000000008e800000, 0x000000008e900000|  0%| F|  |TAMS 0x000000008e800000, 0x000000008e800000| Untracked 
|  61|0x000000008e900000, 0x000000008e900000, 0x000000008ea00000|  0%| F|  |TAMS 0x000000008e900000, 0x000000008e900000| Untracked 
|  62|0x000000008ea00000, 0x000000008ea00000, 0x000000008eb00000|  0%| F|  |TAMS 0x000000008ea00000, 0x000000008ea00000| Untracked 
|  63|0x000000008eb00000, 0x000000008eb00000, 0x000000008ec00000|  0%| F|  |TAMS 0x000000008eb00000, 0x000000008eb00000| Untracked 
|  64|0x000000008ec00000, 0x000000008ec00000, 0x000000008ed00000|  0%| F|  |TAMS 0x000000008ec00000, 0x000000008ec00000| Untracked 
|  65|0x000000008ed00000, 0x000000008ed00000, 0x000000008ee00000|  0%| F|  |TAMS 0x000000008ed00000, 0x000000008ed00000| Untracked 
|  66|0x000000008ee00000, 0x000000008ee00000, 0x000000008ef00000|  0%| F|  |TAMS 0x000000008ee00000, 0x000000008ee00000| Untracked 
|  67|0x000000008ef00000, 0x000000008ef00000, 0x000000008f000000|  0%| F|  |TAMS 0x000000008ef00000, 0x000000008ef00000| Untracked 
|  68|0x000000008f000000, 0x000000008f000000, 0x000000008f100000|  0%| F|  |TAMS 0x000000008f000000, 0x000000008f000000| Untracked 
|  69|0x000000008f100000, 0x000000008f100000, 0x000000008f200000|  0%| F|  |TAMS 0x000000008f100000, 0x000000008f100000| Untracked 
|  70|0x000000008f200000, 0x000000008f200000, 0x000000008f300000|  0%| F|  |TAMS 0x000000008f200000, 0x000000008f200000| Untracked 
|  71|0x000000008f300000, 0x000000008f300000, 0x000000008f400000|  0%| F|  |TAMS 0x000000008f300000, 0x000000008f300000| Untracked 
|  72|0x000000008f400000, 0x000000008f400000, 0x000000008f500000|  0%| F|  |TAMS 0x000000008f400000, 0x000000008f400000| Untracked 
|  73|0x000000008f500000, 0x000000008f500000, 0x000000008f600000|  0%| F|  |TAMS 0x000000008f500000, 0x000000008f500000| Untracked 
|  74|0x000000008f600000, 0x000000008f600000, 0x000000008f700000|  0%| F|  |TAMS 0x000000008f600000, 0x000000008f600000| Untracked 
|  75|0x000000008f700000, 0x000000008f700000, 0x000000008f800000|  0%| F|  |TAMS 0x000000008f700000, 0x000000008f700000| Untracked 
|  76|0x000000008f800000, 0x000000008f800000, 0x000000008f900000|  0%| F|  |TAMS 0x000000008f800000, 0x000000008f800000| Untracked 
|  77|0x000000008f900000, 0x000000008f900000, 0x000000008fa00000|  0%| F|  |TAMS 0x000000008f900000, 0x000000008f900000| Untracked 
|  78|0x000000008fa00000, 0x000000008fa00000, 0x000000008fb00000|  0%| F|  |TAMS 0x000000008fa00000, 0x000000008fa00000| Untracked 
|  79|0x000000008fb00000, 0x000000008fb00000, 0x000000008fc00000|  0%| F|  |TAMS 0x000000008fb00000, 0x000000008fb00000| Untracked 
|  80|0x000000008fc00000, 0x000000008fc00000, 0x000000008fd00000|  0%| F|  |TAMS 0x000000008fc00000, 0x000000008fc00000| Untracked 
|  81|0x000000008fd00000, 0x000000008fd00000, 0x000000008fe00000|  0%| F|  |TAMS 0x000000008fd00000, 0x000000008fd00000| Untracked 
|  82|0x000000008fe00000, 0x000000008fe00000, 0x000000008ff00000|  0%| F|  |TAMS 0x000000008fe00000, 0x000000008fe00000| Untracked 
|  83|0x000000008ff00000, 0x000000008ff00000, 0x0000000090000000|  0%| F|  |TAMS 0x000000008ff00000, 0x000000008ff00000| Untracked 
|  84|0x0000000090000000, 0x0000000090000000, 0x0000000090100000|  0%| F|  |TAMS 0x0000000090000000, 0x0000000090000000| Untracked 
|  85|0x0000000090100000, 0x0000000090100000, 0x0000000090200000|  0%| F|  |TAMS 0x0000000090100000, 0x0000000090100000| Untracked 
|  86|0x0000000090200000, 0x0000000090200000, 0x0000000090300000|  0%| F|  |TAMS 0x0000000090200000, 0x0000000090200000| Untracked 
|  87|0x0000000090300000, 0x0000000090300000, 0x0000000090400000|  0%| F|  |TAMS 0x0000000090300000, 0x0000000090300000| Untracked 
|  88|0x0000000090400000, 0x0000000090400000, 0x0000000090500000|  0%| F|  |TAMS 0x0000000090400000, 0x0000000090400000| Untracked 
|  89|0x0000000090500000, 0x0000000090500000, 0x0000000090600000|  0%| F|  |TAMS 0x0000000090500000, 0x0000000090500000| Untracked 
|  90|0x0000000090600000, 0x0000000090600000, 0x0000000090700000|  0%| F|  |TAMS 0x0000000090600000, 0x0000000090600000| Untracked 
|  91|0x0000000090700000, 0x0000000090700000, 0x0000000090800000|  0%| F|  |TAMS 0x0000000090700000, 0x0000000090700000| Untracked 
|  92|0x0000000090800000, 0x0000000090800000, 0x0000000090900000|  0%| F|  |TAMS 0x0000000090800000, 0x0000000090800000| Untracked 
|  93|0x0000000090900000, 0x0000000090900000, 0x0000000090a00000|  0%| F|  |TAMS 0x0000000090900000, 0x0000000090900000| Untracked 
|  94|0x0000000090a00000, 0x0000000090a00000, 0x0000000090b00000|  0%| F|  |TAMS 0x0000000090a00000, 0x0000000090a00000| Untracked 
|  95|0x0000000090b00000, 0x0000000090b00000, 0x0000000090c00000|  0%| F|  |TAMS 0x0000000090b00000, 0x0000000090b00000| Untracked 
|  96|0x0000000090c00000, 0x0000000090c00000, 0x0000000090d00000|  0%| F|  |TAMS 0x0000000090c00000, 0x0000000090c00000| Untracked 
|  97|0x0000000090d00000, 0x0000000090d00000, 0x0000000090e00000|  0%| F|  |TAMS 0x0000000090d00000, 0x0000000090d00000| Untracked 
|  98|0x0000000090e00000, 0x0000000090e00000, 0x0000000090f00000|  0%| F|  |TAMS 0x0000000090e00000, 0x0000000090e00000| Untracked 
|  99|0x0000000090f00000, 0x0000000090f00000, 0x0000000091000000|  0%| F|  |TAMS 0x0000000090f00000, 0x0000000090f00000| Untracked 
| 100|0x0000000091000000, 0x0000000091000000, 0x0000000091100000|  0%| F|  |TAMS 0x0000000091000000, 0x0000000091000000| Untracked 
| 101|0x0000000091100000, 0x0000000091100000, 0x0000000091200000|  0%| F|  |TAMS 0x0000000091100000, 0x0000000091100000| Untracked 
| 102|0x0000000091200000, 0x0000000091200000, 0x0000000091300000|  0%| F|  |TAMS 0x0000000091200000, 0x0000000091200000| Untracked 
| 103|0x0000000091300000, 0x0000000091300000, 0x0000000091400000|  0%| F|  |TAMS 0x0000000091300000, 0x0000000091300000| Untracked 
| 104|0x0000000091400000, 0x0000000091400000, 0x0000000091500000|  0%| F|  |TAMS 0x0000000091400000, 0x0000000091400000| Untracked 
| 105|0x0000000091500000, 0x0000000091500000, 0x0000000091600000|  0%| F|  |TAMS 0x0000000091500000, 0x0000000091500000| Untracked 
| 106|0x0000000091600000, 0x0000000091600000, 0x0000000091700000|  0%| F|  |TAMS 0x0000000091600000, 0x0000000091600000| Untracked 
| 107|0x0000000091700000, 0x0000000091700000, 0x0000000091800000|  0%| F|  |TAMS 0x0000000091700000, 0x0000000091700000| Untracked 
| 108|0x0000000091800000, 0x0000000091800000, 0x0000000091900000|  0%| F|  |TAMS 0x0000000091800000, 0x0000000091800000| Untracked 
| 109|0x0000000091900000, 0x0000000091900000, 0x0000000091a00000|  0%| F|  |TAMS 0x0000000091900000, 0x0000000091900000| Untracked 
| 110|0x0000000091a00000, 0x0000000091a00000, 0x0000000091b00000|  0%| F|  |TAMS 0x0000000091a00000, 0x0000000091a00000| Untracked 
| 111|0x0000000091b00000, 0x0000000091b00000, 0x0000000091c00000|  0%| F|  |TAMS 0x0000000091b00000, 0x0000000091b00000| Untracked 
| 112|0x0000000091c00000, 0x0000000091cec130, 0x0000000091d00000| 92%| E|  |TAMS 0x0000000091c00000, 0x0000000091c00000| Complete 
| 113|0x0000000091d00000, 0x0000000091e00000, 0x0000000091e00000|100%| E|CS|TAMS 0x0000000091d00000, 0x0000000091d00000| Complete 
| 114|0x0000000091e00000, 0x0000000091f00000, 0x0000000091f00000|100%| E|CS|TAMS 0x0000000091e00000, 0x0000000091e00000| Complete 
| 115|0x0000000091f00000, 0x0000000092000000, 0x0000000092000000|100%| E|CS|TAMS 0x0000000091f00000, 0x0000000091f00000| Complete 
| 116|0x0000000092000000, 0x0000000092100000, 0x0000000092100000|100%| E|CS|TAMS 0x0000000092000000, 0x0000000092000000| Complete 
| 117|0x0000000092100000, 0x0000000092200000, 0x0000000092200000|100%| E|CS|TAMS 0x0000000092100000, 0x0000000092100000| Complete 

Card table byte_map: [0x0000024c0f7f0000,0x0000024c0fba0000] _byte_map_base: 0x0000024c0f39a000

Marking Bits (Prev, Next): (CMBitMap*) 0x0000024c78586fc0, (CMBitMap*) 0x0000024c78587000
 Prev Bits: [0x0000024c0ff50000, 0x0000024c11ca0000)
 Next Bits: [0x0000024c11ca0000, 0x0000024c139f0000)

Polling page: 0x0000024c766c0000

Metaspace:

Usage:
  Non-class:      4.88 MB used.
      Class:    661.73 KB used.
       Both:      5.53 MB used.

Virtual space:
  Non-class space:       64.00 MB reserved,       4.94 MB (  8%) committed,  1 nodes.
      Class space:        1.00 GB reserved,     768.00 KB ( <1%) committed,  1 nodes.
             Both:        1.06 GB reserved,       5.69 MB ( <1%) committed. 

Chunk freelists:
   Non-Class:  10.91 MB
       Class:  15.25 MB
        Both:  26.16 MB

MaxMetaspaceSize: unlimited
CompressedClassSpaceSize: 1.00 GB
Initial GC threshold: 21.00 MB
Current GC threshold: 21.00 MB
CDS: on
MetaspaceReclaimPolicy: balanced
 - commit_granule_bytes: 65536.
 - commit_granule_words: 8192.
 - virtual_space_node_default_size: 8388608.
 - enlarge_chunks_in_place: 1.
 - new_chunks_are_fully_committed: 0.
 - uncommit_free_chunks: 1.
 - use_allocation_guard: 0.
 - handle_deallocations: 1.


Internal statistics:

num_allocs_failed_limit: 0.
num_arena_births: 90.
num_arena_deaths: 0.
num_vsnodes_births: 2.
num_vsnodes_deaths: 0.
num_space_committed: 91.
num_space_uncommitted: 0.
num_chunks_returned_to_freelist: 0.
num_chunks_taken_from_freelist: 123.
num_chunk_merges: 0.
num_chunk_splits: 69.
num_chunks_enlarged: 20.
num_inconsistent_stats: 0.

CodeHeap 'non-profiled nmethods': size=120000Kb used=160Kb max_used=160Kb free=119839Kb
 bounds [0x0000024c07ad0000, 0x0000024c07d40000, 0x0000024c0f000000]
CodeHeap 'profiled nmethods': size=120000Kb used=778Kb max_used=778Kb free=119221Kb
 bounds [0x0000024c00000000, 0x0000024c00270000, 0x0000024c07530000]
CodeHeap 'non-nmethods': size=5760Kb used=1200Kb max_used=1208Kb free=4559Kb
 bounds [0x0000024c07530000, 0x0000024c077a0000, 0x0000024c07ad0000]
 total_blobs=1061 nmethods=556 adapters=418
 compilation: enabled
              stopped_count=0, restarted_count=0
 full_count=0

Compilation events (20 events):
Event: 0.284 Thread 0x0000024c166226b0  546  s    1       java.util.Hashtable::size (5 bytes)
Event: 0.284 Thread 0x0000024c166226b0 nmethod 546 0x0000024c07af7590 code [0x0000024c07af7720, 0x0000024c07af7898]
Event: 0.285 Thread 0x0000024c166226b0  547  s    3       java.util.Hashtable::get (69 bytes)
Event: 0.285 Thread 0x0000024c166226b0 nmethod 547 0x0000024c000be790 code [0x0000024c000be960, 0x0000024c000beeb8]
Event: 0.285 Thread 0x0000024c166226b0  548       3       java.util.Arrays::equals (43 bytes)
Event: 0.286 Thread 0x0000024c166226b0 nmethod 548 0x0000024c000bf090 code [0x0000024c000bf260, 0x0000024c000bf548]
Event: 0.287 Thread 0x0000024c166226b0  549   !   3       javax.swing.UIDefaults::getFromHashtable (239 bytes)
Event: 0.287 Thread 0x0000024c166226b0 nmethod 549 0x0000024c000bf610 code [0x0000024c000bf920, 0x0000024c000c0e08]
Event: 0.288 Thread 0x0000024c166226b0  550       3       javax.swing.SwingUtilities::appContextGet (8 bytes)
Event: 0.288 Thread 0x0000024c166226b0 nmethod 550 0x0000024c000c1390 code [0x0000024c000c1540, 0x0000024c000c1698]
Event: 0.288 Thread 0x0000024c166226b0  551       3       javax.swing.UIDefaults::get (21 bytes)
Event: 0.288 Thread 0x0000024c166226b0 nmethod 551 0x0000024c000c1790 code [0x0000024c000c1940, 0x0000024c000c1b38]
Event: 0.288 Thread 0x0000024c166226b0  552       1       java.awt.Component::getObjectLock (5 bytes)
Event: 0.288 Thread 0x0000024c166226b0 nmethod 552 0x0000024c07af7d10 code [0x0000024c07af7ea0, 0x0000024c07af7f78]
Event: 0.289 Thread 0x0000024c166226b0  554       3       java.lang.Integer::hashCode (8 bytes)
Event: 0.289 Thread 0x0000024c166226b0 nmethod 554 0x0000024c000c1c10 code [0x0000024c000c1da0, 0x0000024c000c1ef8]
Event: 0.289 Thread 0x0000024c166226b0  555       3       java.lang.Integer::hashCode (2 bytes)
Event: 0.289 Thread 0x0000024c166226b0 nmethod 555 0x0000024c000c1f90 code [0x0000024c000c2120, 0x0000024c000c2218]
Event: 0.299 Thread 0x0000024c166226b0  557       3       java.lang.invoke.Invokers$Holder::linkToTargetMethod (9 bytes)
Event: 0.299 Thread 0x0000024c166226b0 nmethod 557 0x0000024c000c2290 code [0x0000024c000c2440, 0x0000024c000c2838]

GC Heap History (0 events):
No events

Deoptimization events (4 events):
Event: 0.214 Thread 0x0000024c78531330 Uncommon trap: trap_request=0xffffff45 fr.pc=0x0000024c07adec74 relative=0x0000000000000894
Event: 0.214 Thread 0x0000024c78531330 Uncommon trap: reason=unstable_if action=reinterpret pc=0x0000024c07adec74 method=java.util.HashMap.putVal(ILjava/lang/Object;Ljava/lang/Object;ZZ)Ljava/lang/Object; @ 81 c2
Event: 0.214 Thread 0x0000024c78531330 DEOPT PACKING pc=0x0000024c07adec74 sp=0x000000e5120fe4a0
Event: 0.214 Thread 0x0000024c78531330 DEOPT UNPACKING pc=0x0000024c075823a3 sp=0x000000e5120fe440 mode 2

Classes unloaded (0 events):
No events

Classes redefined (0 events):
No events

Internal exceptions (14 events):
Event: 0.055 Thread 0x0000024c78531330 Exception <a 'sun/nio/fs/WindowsException'{0x00000000920375f8}> (0x00000000920375f8) 
thrown [s\open\src\hotspot\share\prims\jni.cpp, line 516]
Event: 0.055 Thread 0x0000024c78531330 Exception <a 'sun/nio/fs/WindowsException'{0x0000000092037ad8}> (0x0000000092037ad8) 
thrown [s\open\src\hotspot\share\prims\jni.cpp, line 516]
Event: 0.056 Thread 0x0000024c78531330 Exception <a 'sun/nio/fs/WindowsException'{0x0000000092039c58}> (0x0000000092039c58) 
thrown [s\open\src\hotspot\share\prims\jni.cpp, line 516]
Event: 0.087 Thread 0x0000024c78531330 Exception <a 'java/lang/ClassNotFoundException'{0x0000000091f37058}: sun/awt/resources/spi/awtProvider> (0x0000000091f37058) 
thrown [s\open\src\hotspot\share\classfile\systemDictionary.cpp, line 256]
Event: 0.109 Thread 0x0000024c78531330 Exception <a 'java/io/FileNotFoundException'{0x0000000091f89448}> (0x0000000091f89448) 
thrown [s\open\src\hotspot\share\prims\jni.cpp, line 516]
Event: 0.114 Thread 0x0000024c78531330 Exception <a 'java/io/FileNotFoundException'{0x0000000091fb6598}> (0x0000000091fb6598) 
thrown [s\open\src\hotspot\share\prims\jni.cpp, line 516]
Event: 0.145 Thread 0x0000024c78531330 Exception <a 'java/lang/NoSuchMethodError'{0x0000000091ffa6f0}: 'java.lang.Object java.lang.invoke.DirectMethodHandle$Holder.invokeStaticInit(java.lang.Object)'> (0x0000000091ffa6f0) 
thrown [s\open\src\hotspot\share\interpreter\linkResolver.cpp, line 759]
Event: 0.216 Thread 0x0000024c78531330 Exception <a 'java/lang/NoSuchMethodError'{0x0000000091e47158}: 'void java.lang.invoke.DirectMethodHandle$Holder.invokeSpecial(java.lang.Object, java.lang.Object, java.lang.Object)'> (0x0000000091e47158) 
thrown [s\open\src\hotspot\share\interpreter\linkResolver.cpp, line 759]
Event: 0.224 Thread 0x0000024c78531330 Exception <a 'java/lang/NoSuchMethodError'{0x0000000091e712c0}: 'java.lang.Object java.lang.invoke.DirectMethodHandle$Holder.newInvokeSpecial(java.lang.Object, java.lang.Object, java.lang.Object, java.lang.Object, java.lang.Object)'> (0x0000000091e712c0) 
thrown [s\open\src\hotspot\share\interpreter\linkResolver.cpp, line 759]
Event: 0.225 Thread 0x0000024c78531330 Exception <a 'java/lang/NoSuchMethodError'{0x0000000091ef2ec0}: 'java.lang.Object java.lang.invoke.DirectMethodHandle$Holder.invokeStatic(java.lang.Object, int, java.lang.Object, java.lang.Object, java.lang.Object, java.lang.Object)'> (0x0000000091ef2ec0) 
thrown [s\open\src\hotspot\share\interpreter\linkResolver.cpp, line 759]
Event: 0.229 Thread 0x0000024c78531330 Exception <a 'java/lang/NoSuchMethodError'{0x0000000091d18b80}: 'java.lang.Object java.lang.invoke.DirectMethodHandle$Holder.invokeStatic(java.lang.Object, int, java.lang.Object)'> (0x0000000091d18b80) 
thrown [s\open\src\hotspot\share\interpreter\linkResolver.cpp, line 759]
Event: 0.255 Thread 0x0000024c78531330 Exception <a 'java/lang/ClassNotFoundException'{0x0000000091dd0990}: com/sun/swing/internal/plaf/metal/resources/spi/metalProvider> (0x0000000091dd0990) 
thrown [s\open\src\hotspot\share\classfile\systemDictionary.cpp, line 256]
Event: 0.256 Thread 0x0000024c78531330 Exception <a 'java/lang/ClassNotFoundException'{0x0000000091dd47e8}: com/sun/swing/internal/plaf/basic/resources/spi/basicProvider> (0x0000000091dd47e8) 
thrown [s\open\src\hotspot\share\classfile\systemDictionary.cpp, line 256]
Event: 0.295 Thread 0x0000024c16b1c5a0 Exception <a 'java/lang/NoSuchMethodError'{0x0000000091e86440}: 'void java.lang.invoke.DirectMethodHandle$Holder.invokeVirtual(java.lang.Object, java.lang.Object)'> (0x0000000091e86440) 
thrown [s\open\src\hotspot\share\interpreter\linkResolver.cpp, line 759]

VM Operations (4 events):
Event: 0.058 Executing VM operation: HandshakeAllThreads
Event: 0.058 Executing VM operation: HandshakeAllThreads done
Event: 0.277 Executing VM operation: HandshakeAllThreads
Event: 0.277 Executing VM operation: HandshakeAllThreads done

Events (20 events):
Event: 0.299 loading class java/awt/Composite
Event: 0.299 loading class java/awt/Composite done
Event: 0.299 loading class sun/java2d/loops/XORComposite done
Event: 0.300 loading class sun/java2d/windows/GDIBlitLoops
Event: 0.300 loading class sun/java2d/loops/Blit
Event: 0.300 loading class sun/java2d/loops/GraphicsPrimitive
Event: 0.300 loading class sun/java2d/loops/GraphicsPrimitive done
Event: 0.300 loading class sun/java2d/loops/Blit done
Event: 0.300 loading class sun/java2d/windows/GDIBlitLoops done
Event: 0.300 loading class sun/java2d/loops/GraphicsPrimitiveMgr
Event: 0.300 loading class sun/java2d/loops/GraphicsPrimitiveMgr done
Event: 0.300 loading class sun/java2d/loops/CompositeType
Event: 0.300 loading class sun/java2d/loops/CompositeType done
Event: 0.300 loading class sun/java2d/SunGraphics2D
Event: 0.300 loading class sun/awt/ConstrainableGraphics
Event: 0.300 loading class sun/awt/ConstrainableGraphics done
Event: 0.301 loading class sun/java2d/SunGraphics2D done
Event: 0.301 loading class java/awt/AlphaComposite
Event: 0.301 loading class java/awt/AlphaComposite done
Event: 0.301 loading class java/awt/geom/Path2D


Dynamic libraries:
0x00007ff774180000 - 0x00007ff774190000 	C:\Program Files\Java\jdk-17\bin\java.exe
0x00007ffd3ccf0000 - 0x00007ffd3cf07000 	C:\WINDOWS\SYSTEM32\ntdll.dll
0x00007ffd3b600000 - 0x00007ffd3b6c4000 	C:\WINDOWS\System32\KERNEL32.DLL
0x00007ffd3a360000 - 0x00007ffd3a707000 	C:\WINDOWS\System32\KERNELBASE.dll
0x00007ffd3a080000 - 0x00007ffd3a191000 	C:\WINDOWS\System32\ucrtbase.dll
0x00007ffd285c0000 - 0x00007ffd285db000 	C:\Program Files\Java\jdk-17\bin\VCRUNTIME140.dll
0x00007ffd21e10000 - 0x00007ffd21e29000 	C:\Program Files\Java\jdk-17\bin\jli.dll
0x00007ffd3ad80000 - 0x00007ffd3ae32000 	C:\WINDOWS\System32\ADVAPI32.dll
0x00007ffd3bf80000 - 0x00007ffd3c027000 	C:\WINDOWS\System32\msvcrt.dll
0x00007ffd3c240000 - 0x00007ffd3c2e8000 	C:\WINDOWS\System32\sechost.dll
0x00007ffd3a240000 - 0x00007ffd3a268000 	C:\WINDOWS\System32\bcrypt.dll
0x00007ffd3bdc0000 - 0x00007ffd3bed5000 	C:\WINDOWS\System32\RPCRT4.dll
0x00007ffd3bb70000 - 0x00007ffd3bd1e000 	C:\WINDOWS\System32\USER32.dll
0x00007ffd3a330000 - 0x00007ffd3a356000 	C:\WINDOWS\System32\win32u.dll
0x00007ffd3c1f0000 - 0x00007ffd3c219000 	C:\WINDOWS\System32\GDI32.dll
0x00007ffd3a790000 - 0x00007ffd3a8a9000 	C:\WINDOWS\System32\gdi32full.dll
0x00007ffd1e240000 - 0x00007ffd1e4d3000 	C:\WINDOWS\WinSxS\amd64_microsoft.windows.common-controls_6595b64144ccf1df_6.0.22621.3527_none_270e469b73872a76\COMCTL32.dll
0x00007ffd3a1a0000 - 0x00007ffd3a23a000 	C:\WINDOWS\System32\msvcp_win.dll
0x00007ffd30a00000 - 0x00007ffd30a0a000 	C:\WINDOWS\SYSTEM32\VERSION.dll
0x00007ffd3af40000 - 0x00007ffd3af71000 	C:\WINDOWS\System32\IMM32.DLL
0x00007ffd2a510000 - 0x00007ffd2a51c000 	C:\Program Files\Java\jdk-17\bin\vcruntime140_1.dll
0x00007ffd1c1e0000 - 0x00007ffd1c26e000 	C:\Program Files\Java\jdk-17\bin\msvcp140.dll
0x00007ffcf8380000 - 0x00007ffcf8f60000 	C:\Program Files\Java\jdk-17\bin\server\jvm.dll
0x00007ffd3bdb0000 - 0x00007ffd3bdb8000 	C:\WINDOWS\System32\PSAPI.DLL
0x00007ffd34150000 - 0x00007ffd34184000 	C:\WINDOWS\SYSTEM32\WINMM.dll
0x00007ffd358d0000 - 0x00007ffd358d9000 	C:\WINDOWS\SYSTEM32\WSOCK32.dll
0x00007ffd3baf0000 - 0x00007ffd3bb61000 	C:\WINDOWS\System32\WS2_32.dll
0x00007ffd39000000 - 0x00007ffd39018000 	C:\WINDOWS\SYSTEM32\kernel.appcore.dll
0x00007ffd21c50000 - 0x00007ffd21c5a000 	C:\Program Files\Java\jdk-17\bin\jimage.dll
0x00007ffd31380000 - 0x00007ffd315b2000 	C:\WINDOWS\SYSTEM32\DBGHELP.DLL
0x00007ffd3b760000 - 0x00007ffd3bae8000 	C:\WINDOWS\System32\combase.dll
0x00007ffd3aa20000 - 0x00007ffd3aaf7000 	C:\WINDOWS\System32\OLEAUT32.dll
0x00007ffd30bc0000 - 0x00007ffd30bf2000 	C:\WINDOWS\SYSTEM32\dbgcore.DLL
0x00007ffd3a710000 - 0x00007ffd3a789000 	C:\WINDOWS\System32\bcryptPrimitives.dll
0x00007ffd1cd80000 - 0x00007ffd1cda5000 	C:\Program Files\Java\jdk-17\bin\java.dll
0x00007ffd1caa0000 - 0x00007ffd1cb77000 	C:\Program Files\Java\jdk-17\bin\jsvml.dll
0x00007ffd3c450000 - 0x00007ffd3ccac000 	C:\WINDOWS\System32\SHELL32.dll
0x00007ffd37f00000 - 0x00007ffd387f6000 	C:\WINDOWS\SYSTEM32\windows.storage.dll
0x00007ffd37dc0000 - 0x00007ffd37efe000 	C:\WINDOWS\SYSTEM32\wintypes.dll
0x00007ffd3ae40000 - 0x00007ffd3af35000 	C:\WINDOWS\System32\SHCORE.dll
0x00007ffd3ac70000 - 0x00007ffd3acce000 	C:\WINDOWS\System32\shlwapi.dll
0x00007ffd39f40000 - 0x00007ffd39f61000 	C:\WINDOWS\SYSTEM32\profapi.dll
0x00007ffd1ca80000 - 0x00007ffd1ca99000 	C:\Program Files\Java\jdk-17\bin\net.dll
0x00007ffd35280000 - 0x00007ffd353b6000 	C:\WINDOWS\SYSTEM32\WINHTTP.dll
0x00007ffd39480000 - 0x00007ffd394e9000 	C:\WINDOWS\system32\mswsock.dll
0x00007ffd1ca60000 - 0x00007ffd1ca76000 	C:\Program Files\Java\jdk-17\bin\nio.dll
0x00007ffd1ca40000 - 0x00007ffd1ca58000 	C:\Program Files\Java\jdk-17\bin\zip.dll
0x00007ffcfa9f0000 - 0x00007ffcfab81000 	C:\Program Files\Java\jdk-17\bin\awt.dll
0x00007ffd34ba0000 - 0x00007ffd34c37000 	C:\WINDOWS\SYSTEM32\apphelp.dll
0x00007ffd37930000 - 0x00007ffd3795b000 	C:\WINDOWS\system32\DWMAPI.DLL
0x00007ffd37500000 - 0x00007ffd375ab000 	C:\WINDOWS\system32\uxtheme.dll
0x00007ffcffc40000 - 0x00007ffcffd40000 	C:\WINDOWS\system32\opengl32.dll
0x00007ffd022e0000 - 0x00007ffd0230d000 	C:\WINDOWS\SYSTEM32\GLU32.dll
0x00007ffd37600000 - 0x00007ffd37639000 	C:\WINDOWS\SYSTEM32\dxcore.dll
0x00007ffd3ab00000 - 0x00007ffd3ac53000 	C:\WINDOWS\System32\MSCTF.dll
0x00007ffd3b400000 - 0x00007ffd3b5a5000 	C:\WINDOWS\System32\ole32.dll
0x00007ffd04de0000 - 0x00007ffd04f89000 	C:\WINDOWS\system32\d3d9.dll
0x00007ffd262b0000 - 0x00007ffd2646b000 	C:\WINDOWS\System32\DriverStore\FileRepository\u0387389.inf_amd64_995be970e30b8c79\B385477\aticfx64.dll
0x00007ffd07c00000 - 0x00007ffd07c34000 	C:\WINDOWS\System32\DriverStore\FileRepository\u0387389.inf_amd64_995be970e30b8c79\B385477\atiu9p64.dll
0x00007ffce19a0000 - 0x00007ffce26f5000 	C:\WINDOWS\System32\DriverStore\FileRepository\u0387389.inf_amd64_995be970e30b8c79\B385477\atiumd64.dll
0x00007ffd24300000 - 0x00007ffd24335000 	C:\WINDOWS\SYSTEM32\amdihk64.dll
0x00007ffd2bb90000 - 0x00007ffd2bbda000 	C:\WINDOWS\SYSTEM32\directxdatabasehelper.dll

dbghelp: loaded successfully - version: 4.0.5 - missing functions: none
symbol engine: initialized successfully - sym options: 0x614 - pdb path: .;C:\Program Files\Java\jdk-17\bin;C:\WINDOWS\SYSTEM32;C:\WINDOWS\WinSxS\amd64_microsoft.windows.common-controls_6595b64144ccf1df_6.0.22621.3527_none_270e469b73872a76;C:\Program Files\Java\jdk-17\bin\server;C:\WINDOWS\System32\DriverStore\FileRepository\u0387389.inf_amd64_995be970e30b8c79\B385477

VM Arguments:
jvm_args: -Dfile.encoding=UTF-8 --module-path=D:\Project-Java\AirlineManagementSystem\build\classes 
java_command: airlinemanagementsystem.Login
java_class_path (initial): D:\Advance Java Qspider\mysql-connector-j-8.4.0.jar;D:\Project-Java\AirlineManagementSystem\rs2xml.jar;D:\Project-Java\AirlineManagementSystem\jcalendar-tz-1.3.3-4.jar;D:\Project-Java\AirlineManagementSystem\mysql-connector-java-8.0.28 (1).jar;D:\Project-Java\AirlineManagementSystem\build\classes
Launcher Type: SUN_STANDARD

[Global flags]
     intx CICompilerCount                          = 4                                         {product} {ergonomic}
     uint ConcGCThreads                            = 3                                         {product} {ergonomic}
     uint G1ConcRefinementThreads                  = 10                                        {product} {ergonomic}
   size_t G1HeapRegionSize                         = 1048576                                   {product} {ergonomic}
    uintx GCDrainStackTargetSize                   = 64                                        {product} {ergonomic}
   size_t InitialHeapSize                          = 123731968                                 {product} {ergonomic}
   size_t MarkStackSize                            = 4194304                                   {product} {ergonomic}
   size_t MaxHeapSize                              = 1967128576                                {product} {ergonomic}
   size_t MaxNewSize                               = 1179648000                                {product} {ergonomic}
   size_t MinHeapDeltaBytes                        = 1048576                                   {product} {ergonomic}
   size_t MinHeapSize                              = 8388608                                   {product} {ergonomic}
    uintx NonNMethodCodeHeapSize                   = 5839372                                {pd product} {ergonomic}
    uintx NonProfiledCodeHeapSize                  = 122909434                              {pd product} {ergonomic}
    uintx ProfiledCodeHeapSize                     = 122909434                              {pd product} {ergonomic}
    uintx ReservedCodeCacheSize                    = 251658240                              {pd product} {ergonomic}
     bool SegmentedCodeCache                       = true                                      {product} {ergonomic}
   size_t SoftMaxHeapSize                          = 1967128576                             {manageable} {ergonomic}
     bool UseCompressedClassPointers               = true                           {product lp64_product} {ergonomic}
     bool UseCompressedOops                        = true                           {product lp64_product} {ergonomic}
     bool UseG1GC                                  = true                                      {product} {ergonomic}
     bool UseLargePagesIndividualAllocation        = false                                  {pd product} {ergonomic}

Logging:
Log output configuration:
 #0: stdout all=warning uptime,level,tags
 #1: stderr all=off uptime,level,tags

Environment Variables:
JAVA_HOME=C:\Program Files\Java\jdk-1.8\bin
PATH=C:\Program Files\Common Files\Oracle\Java\javapath;C:\oracle\product\10.2.0\db_2\bin;C:\WINDOWS;C:\WINDOWS\System32\Wbem;C:\WINDOWS\System32\WindowsPowerShell\v1.0\;C:\WINDOWS\System32\OpenSSH\;C:\MinGW\bin;C:\MinGW\bin\g++.exe;C:\Program Files\nodejs\;C:\Program Files\Git\cmd;C:\Program Files\Java\jdk-20\bin;C:\Program Files\Cloudflare\Cloudflare WARP\;C:\Users\MUKESH KUMAR\AppData\Local\Programs\Microsoft VS Code\Code.exe;C:\MinGW\bin;C:\Windows\System32;C:\Program Files\Java\jdk-1.8\bin;C:\WINDOWS\system32;C:\Windows;C:\Program Files\HP\HP One Agent;C:\Program Files\Java\jdk-17\bin;C:\Program Files\MySQL\MySQL Shell 8.0\bin\;C:\Users\MUKESH KUMAR\AppData\Local\Microsoft\WindowsApps;C:\Users\MUKESH KUMAR\AppData\Local\Programs\Microsoft VS Code\bin;C:\Users\MUKESH KUMAR\AppData\Roaming\npm;C:\MinGW\bin;
USERNAME=MUKESH KUMAR
OS=Windows_NT
PROCESSOR_IDENTIFIER=AMD64 Family 23 Model 104 Stepping 1, AuthenticAMD



---------------  S Y S T E M  ---------------

OS:
 Windows 11 , 64 bit Build 22621 (10.0.22621.3527)
OS uptime: 6 days 6:35 hours
Hyper-V role detected

CPU: total 12 (initial active 12) (12 cores per cpu, 2 threads per core) family 23 model 104 stepping 1 microcode 0x0, cx8, cmov, fxsr, ht, mmx, 3dnowpref, sse, sse2, sse3, ssse3, sse4a, sse4.1, sse4.2, popcnt, lzcnt, tsc, tscinvbit, avx, avx2, aes, clmul, bmi1, bmi2, adx, sha, fma, vzeroupper, clflush, clflushopt, hv

Memory: 4k page, system-wide physical 7501M (500M free)
TotalPageFile size 26287M (AvailPageFile size 0M)
current process WorkingSet (physical memory assigned to process): 54M, peak: 54M
current process commit charge ("private bytes"): 214M, peak: 218M

vm_info: Java HotSpot(TM) 64-Bit Server VM (17.0.11+7-LTS-207) for windows-amd64 JRE (17.0.11+7-LTS-207), built on Mar 11 2024 19:01:50 by "mach5one" with MS VC++ 17.6 (VS2022)

END.
