#
# There is insufficient memory for the Java Runtime Environment to continue.
# Native memory allocation (mmap) failed to map 123731968 bytes for G1 virtual space
# Possible reasons:
#   The system is out of physical RAM or swap space
#   The process is running with CompressedOops enabled, and the Java Heap may be blocking the growth of the native heap
# Possible solutions:
#   Reduce memory load on the system
#   Increase physical memory or swap space
#   Check if swap backing store is full
#   Decrease Java heap size (-Xmx/-Xms)
#   Decrease number of Java threads
#   Decrease Java thread stack sizes (-Xss)
#   Set larger code cache with -XX:ReservedCodeCacheSize=
#   JVM is running with Unscaled Compressed Oops mode in which the Java heap is
#     placed in the first 4GB address space. The Java Heap base address is the
#     maximum limit for the native heap growth. Please use -XX:HeapBaseMinAddress
#     to set the Java Heap base and to place the Java Heap above 4GB virtual address.
# This output file may be truncated or incomplete.
#
#  Out of Memory Error (os_windows.cpp:3548), pid=24740, tid=8328
#
# JRE version:  (17.0.11+7) (build )
# Java VM: Java HotSpot(TM) 64-Bit Server VM (17.0.11+7-LTS-207, mixed mode, sharing, tiered, compressed oops, compressed class ptrs, g1 gc, windows-amd64)
# No core dump will be written. Minidumps are not enabled by default on client versions of Windows
#

---------------  S U M M A R Y ------------

Command Line: -Dfile.encoding=UTF-8 --module-path=D:\Project-Java\AirlineManagementSystem\build\classes airlinemanagementsystem.Login

Host: AMD Ryzen 5 5500U with Radeon Graphics         , 12 cores, 7G,  Windows 11 , 64 bit Build 22621 (10.0.22621.3527)
Time: Fri May 24 16:38:44 2024 India Standard Time elapsed time: 0.011810 seconds (0d 0h 0m 0s)

---------------  T H R E A D  ---------------

Current thread (0x000002815ab61b70):  JavaThread "Unknown thread" [_thread_in_vm, id=8328, stack(0x000000e762f00000,0x000000e763000000)]

Stack: [0x000000e762f00000,0x000000e763000000]
Native frames: (J=compiled Java code, j=interpreted, Vv=VM code, C=native code)
V  [jvm.dll+0x679cca]
V  [jvm.dll+0x7da13d]
V  [jvm.dll+0x7dba83]
V  [jvm.dll+0x7dc0f3]
V  [jvm.dll+0x2449af]
V  [jvm.dll+0x676ce9]
V  [jvm.dll+0x66b852]
V  [jvm.dll+0x3018d6]
V  [jvm.dll+0x308e76]
V  [jvm.dll+0x3596ee]
V  [jvm.dll+0x35991f]
V  [jvm.dll+0x2d89a8]
V  [jvm.dll+0x2d9914]
V  [jvm.dll+0x7ac6b1]
V  [jvm.dll+0x366f61]
V  [jvm.dll+0x78b609]
V  [jvm.dll+0x3ec22f]
V  [jvm.dll+0x3ede61]
C  [jli.dll+0x5297]
C  [ucrtbase.dll+0x29333]
C  [KERNEL32.DLL+0x1257d]
C  [ntdll.dll+0x5aa48]


---------------  P R O C E S S  ---------------

Threads class SMR info:
_java_thread_list=0x00007ffcf8e37a18, length=0, elements={
}

Java Threads: ( => current thread )

Other Threads:
  0x000002815abb8390 GCTaskThread "GC Thread#0" [stack: 0x000000e763000000,0x000000e763100000] [id=13668]
  0x000002815abc7c60 ConcurrentGCThread "G1 Main Marker" [stack: 0x000000e763100000,0x000000e763200000] [id=3640]
  0x000002815abc9580 ConcurrentGCThread "G1 Conc#0" [stack: 0x000000e763200000,0x000000e763300000] [id=9832]

[error occurred during error reporting (printing all threads), id 0xc0000005, EXCEPTION_ACCESS_VIOLATION (0xc0000005) at pc=0x00007ffcf8669497]

VM state: not at safepoint (not fully initialized)

VM Mutex/Monitor currently owned by a thread:  ([mutex/lock_event])
[0x000002815ab5d540] Heap_lock - owner thread: 0x000002815ab61b70

Heap address: 0x000000008ac00000, size: 1876 MB, Compressed Oops mode: 32-bit

CDS archive(s) mapped at: [0x0000000000000000-0x0000000000000000-0x0000000000000000), size 0, SharedBaseAddress: 0x0000000800000000, ArchiveRelocationMode: 1.
Narrow klass base: 0x0000000000000000, Narrow klass shift: 0, Narrow klass range: 0x0

GC Precious Log:
<Empty>

Heap:
 garbage-first heap   total 0K, used 0K [0x000000008ac00000, 0x0000000100000000)
  region size 1024K, 0 young (0K), 0 survivors (0K)

[error occurred during error reporting (printing heap information), id 0xc0000005, EXCEPTION_ACCESS_VIOLATION (0xc0000005) at pc=0x00007ffcf8a53559]

GC Heap History (0 events):
No events

Deoptimization events (0 events):
No events

Classes unloaded (0 events):
No events

Classes redefined (0 events):
No events

Internal exceptions (0 events):
No events

VM Operations (0 events):
No events

Events (1 events):
Event: 0.007 Loaded shared library C:\Program Files\Java\jdk-17\bin\java.dll


Dynamic libraries:
0x00007ff774180000 - 0x00007ff774190000 	C:\Program Files\Java\jdk-17\bin\java.exe
0x00007ffd3ccf0000 - 0x00007ffd3cf07000 	C:\WINDOWS\SYSTEM32\ntdll.dll
0x00007ffd3b600000 - 0x00007ffd3b6c4000 	C:\WINDOWS\System32\KERNEL32.DLL
0x00007ffd3a360000 - 0x00007ffd3a707000 	C:\WINDOWS\System32\KERNELBASE.dll
0x00007ffd3a080000 - 0x00007ffd3a191000 	C:\WINDOWS\System32\ucrtbase.dll
0x00007ffd285c0000 - 0x00007ffd285db000 	C:\Program Files\Java\jdk-17\bin\VCRUNTIME140.dll
0x00007ffd21e10000 - 0x00007ffd21e29000 	C:\Program Files\Java\jdk-17\bin\jli.dll
0x00007ffd3ad80000 - 0x00007ffd3ae32000 	C:\WINDOWS\System32\ADVAPI32.dll
0x00007ffd3bf80000 - 0x00007ffd3c027000 	C:\WINDOWS\System32\msvcrt.dll
0x00007ffd3c240000 - 0x00007ffd3c2e8000 	C:\WINDOWS\System32\sechost.dll
0x00007ffd3a240000 - 0x00007ffd3a268000 	C:\WINDOWS\System32\bcrypt.dll
0x00007ffd3bdc0000 - 0x00007ffd3bed5000 	C:\WINDOWS\System32\RPCRT4.dll
0x00007ffd3bb70000 - 0x00007ffd3bd1e000 	C:\WINDOWS\System32\USER32.dll
0x00007ffd3a330000 - 0x00007ffd3a356000 	C:\WINDOWS\System32\win32u.dll
0x00007ffd1e240000 - 0x00007ffd1e4d3000 	C:\WINDOWS\WinSxS\amd64_microsoft.windows.common-controls_6595b64144ccf1df_6.0.22621.3527_none_270e469b73872a76\COMCTL32.dll
0x00007ffd3c1f0000 - 0x00007ffd3c219000 	C:\WINDOWS\System32\GDI32.dll
0x00007ffd3a790000 - 0x00007ffd3a8a9000 	C:\WINDOWS\System32\gdi32full.dll
0x00007ffd3a1a0000 - 0x00007ffd3a23a000 	C:\WINDOWS\System32\msvcp_win.dll
0x00007ffd30a00000 - 0x00007ffd30a0a000 	C:\WINDOWS\SYSTEM32\VERSION.dll
0x00007ffd3af40000 - 0x00007ffd3af71000 	C:\WINDOWS\System32\IMM32.DLL
0x00007ffd2a510000 - 0x00007ffd2a51c000 	C:\Program Files\Java\jdk-17\bin\vcruntime140_1.dll
0x00007ffd1c1e0000 - 0x00007ffd1c26e000 	C:\Program Files\Java\jdk-17\bin\msvcp140.dll
0x00007ffcf8380000 - 0x00007ffcf8f60000 	C:\Program Files\Java\jdk-17\bin\server\jvm.dll
0x00007ffd3bdb0000 - 0x00007ffd3bdb8000 	C:\WINDOWS\System32\PSAPI.DLL
0x00007ffd34150000 - 0x00007ffd34184000 	C:\WINDOWS\SYSTEM32\WINMM.dll
0x00007ffd358d0000 - 0x00007ffd358d9000 	C:\WINDOWS\SYSTEM32\WSOCK32.dll
0x00007ffd3baf0000 - 0x00007ffd3bb61000 	C:\WINDOWS\System32\WS2_32.dll
0x00007ffd39000000 - 0x00007ffd39018000 	C:\WINDOWS\SYSTEM32\kernel.appcore.dll
0x00007ffd21c50000 - 0x00007ffd21c5a000 	C:\Program Files\Java\jdk-17\bin\jimage.dll
0x00007ffd31380000 - 0x00007ffd315b2000 	C:\WINDOWS\SYSTEM32\DBGHELP.DLL
0x00007ffd3b760000 - 0x00007ffd3bae8000 	C:\WINDOWS\System32\combase.dll
0x00007ffd3aa20000 - 0x00007ffd3aaf7000 	C:\WINDOWS\System32\OLEAUT32.dll
0x00007ffd30bc0000 - 0x00007ffd30bf2000 	C:\WINDOWS\SYSTEM32\dbgcore.DLL
0x00007ffd3a710000 - 0x00007ffd3a789000 	C:\WINDOWS\System32\bcryptPrimitives.dll
0x00007ffd1cd80000 - 0x00007ffd1cda5000 	C:\Program Files\Java\jdk-17\bin\java.dll

dbghelp: loaded successfully - version: 4.0.5 - missing functions: none
symbol engine: initialized successfully - sym options: 0x614 - pdb path: .;C:\Program Files\Java\jdk-17\bin;C:\WINDOWS\SYSTEM32;C:\WINDOWS\WinSxS\amd64_microsoft.windows.common-controls_6595b64144ccf1df_6.0.22621.3527_none_270e469b73872a76;C:\Program Files\Java\jdk-17\bin\server

VM Arguments:
jvm_args: -Dfile.encoding=UTF-8 --module-path=D:\Project-Java\AirlineManagementSystem\build\classes 
java_command: airlinemanagementsystem.Login
java_class_path (initial): D:\Advance Java Qspider\mysql-connector-j-8.4.0.jar;D:\Project-Java\AirlineManagementSystem\rs2xml.jar;D:\Project-Java\AirlineManagementSystem\jcalendar-tz-1.3.3-4.jar;D:\Project-Java\AirlineManagementSystem\mysql-connector-java-8.0.28 (1).jar;D:\Project-Java\AirlineManagementSystem\build\classes
Launcher Type: SUN_STANDARD

[Global flags]
     intx CICompilerCount                          = 4                                         {product} {ergonomic}
     uint ConcGCThreads                            = 3                                         {product} {ergonomic}
     uint G1ConcRefinementThreads                  = 10                                        {product} {ergonomic}
   size_t G1HeapRegionSize                         = 1048576                                   {product} {ergonomic}
    uintx GCDrainStackTargetSize                   = 64                                        {product} {ergonomic}
   size_t InitialHeapSize                          = 123731968                                 {product} {ergonomic}
   size_t MarkStackSize                            = 4194304                                   {product} {ergonomic}
   size_t MaxHeapSize                              = 1967128576                                {product} {ergonomic}
   size_t MinHeapDeltaBytes                        = 1048576                                   {product} {ergonomic}
   size_t MinHeapSize                              = 8388608                                   {product} {ergonomic}
    uintx NonNMethodCodeHeapSize                   = 5839372                                {pd product} {ergonomic}
    uintx NonProfiledCodeHeapSize                  = 122909434                              {pd product} {ergonomic}
    uintx ProfiledCodeHeapSize                     = 122909434                              {pd product} {ergonomic}
    uintx ReservedCodeCacheSize                    = 251658240                              {pd product} {ergonomic}
     bool SegmentedCodeCache                       = true                                      {product} {ergonomic}
   size_t SoftMaxHeapSize                          = 1967128576                             {manageable} {ergonomic}
     bool UseCompressedClassPointers               = true                           {product lp64_product} {ergonomic}
     bool UseCompressedOops                        = true                           {product lp64_product} {ergonomic}
     bool UseG1GC                                  = true                                      {product} {ergonomic}
     bool UseLargePagesIndividualAllocation        = false                                  {pd product} {ergonomic}

Logging:
Log output configuration:
 #0: stdout all=warning uptime,level,tags
 #1: stderr all=off uptime,level,tags

Environment Variables:
JAVA_HOME=C:\Program Files\Java\jdk-1.8\bin
PATH=C:\Program Files\Common Files\Oracle\Java\javapath;C:\oracle\product\10.2.0\db_2\bin;C:\WINDOWS;C:\WINDOWS\System32\Wbem;C:\WINDOWS\System32\WindowsPowerShell\v1.0\;C:\WINDOWS\System32\OpenSSH\;C:\MinGW\bin;C:\MinGW\bin\g++.exe;C:\Program Files\nodejs\;C:\Program Files\Git\cmd;C:\Program Files\Java\jdk-20\bin;C:\Program Files\Cloudflare\Cloudflare WARP\;C:\Users\MUKESH KUMAR\AppData\Local\Programs\Microsoft VS Code\Code.exe;C:\MinGW\bin;C:\Windows\System32;C:\Program Files\Java\jdk-1.8\bin;C:\WINDOWS\system32;C:\Windows;C:\Program Files\HP\HP One Agent;C:\Program Files\Java\jdk-17\bin;C:\Program Files\MySQL\MySQL Shell 8.0\bin\;C:\Users\MUKESH KUMAR\AppData\Local\Microsoft\WindowsApps;C:\Users\MUKESH KUMAR\AppData\Local\Programs\Microsoft VS Code\bin;C:\Users\MUKESH KUMAR\AppData\Roaming\npm;C:\MinGW\bin;
USERNAME=MUKESH KUMAR
OS=Windows_NT
PROCESSOR_IDENTIFIER=AMD64 Family 23 Model 104 Stepping 1, AuthenticAMD



---------------  S Y S T E M  ---------------

OS:
 Windows 11 , 64 bit Build 22621 (10.0.22621.3527)
OS uptime: 6 days 6:35 hours
Hyper-V role detected

CPU: total 12 (initial active 12) (12 cores per cpu, 2 threads per core) family 23 model 104 stepping 1 microcode 0x0, cx8, cmov, fxsr, ht, mmx, 3dnowpref, sse, sse2, sse3, ssse3, sse4a, sse4.1, sse4.2, popcnt, lzcnt, tsc, tscinvbit, avx, avx2, aes, clmul, bmi1, bmi2, adx, sha, fma, vzeroupper, clflush, clflushopt, hv

Memory: 4k page, system-wide physical 7501M (413M free)
TotalPageFile size 26287M (AvailPageFile size 16M)
current process WorkingSet (physical memory assigned to process): 11M, peak: 11M
current process commit charge ("private bytes"): 64M, peak: 182M

vm_info: Java HotSpot(TM) 64-Bit Server VM (17.0.11+7-LTS-207) for windows-amd64 JRE (17.0.11+7-LTS-207), built on Mar 11 2024 19:01:50 by "mach5one" with MS VC++ 17.6 (VS2022)

END.
